[0.231s] DEBUG:colcon:Command line arguments: ['/usr/bin/colcon', 'build']
[0.231s] DEBUG:colcon:Parsed command line arguments: Namespace(log_base=None, log_level=None, verb_name='build', build_base='build', install_base='install', merge_install=False, symlink_install=False, test_result_base=None, continue_on_error=False, executor='parallel', parallel_workers=4, event_handlers=None, ignore_user_meta=False, metas=['./colcon.meta'], base_paths=['.'], packages_ignore=None, packages_ignore_regex=None, paths=None, packages_up_to=None, packages_up_to_regex=None, packages_above=None, packages_above_and_dependencies=None, packages_above_depth=None, packages_select_by_dep=None, packages_skip_by_dep=None, packages_skip_up_to=None, packages_select_build_failed=False, packages_skip_build_finished=False, packages_select_test_failures=False, packages_skip_test_passed=False, packages_select=None, packages_skip=None, packages_select_regex=None, packages_skip_regex=None, packages_start=None, packages_end=None, cmake_args=None, cmake_target=None, cmake_target_skip_unavailable=False, cmake_clean_cache=False, cmake_clean_first=False, cmake_force_configure=False, ament_cmake_args=None, catkin_cmake_args=None, catkin_skip_building_tests=False, mixin_files=None, mixin=None, verb_parser=<colcon_mixin.mixin.mixin_argument.MixinArgumentDecorator object at 0x7e7d5fcf3ac0>, verb_extension=<colcon_core.verb.build.BuildVerb object at 0x7e7d5fe30940>, main=<bound method BuildVerb.main of <colcon_core.verb.build.BuildVerb object at 0x7e7d5fe30940>>, mixin_verb=('build',))
[0.479s] Level 1:colcon.colcon_core.package_discovery:discover_packages(colcon_meta) check parameters
[0.481s] INFO:colcon.colcon_metadata.package_discovery.colcon_meta:Using configuration from '/root/.colcon/metadata/default/Gazebo.meta'
[0.482s] INFO:colcon.colcon_metadata.package_discovery.colcon_meta:Using configuration from '/root/.colcon/metadata/default/fastrtps.meta'
[0.483s] Level 1:colcon.colcon_core.package_discovery:discover_packages(recursive) check parameters
[0.483s] Level 1:colcon.colcon_core.package_discovery:discover_packages(ignore) check parameters
[0.483s] Level 1:colcon.colcon_core.package_discovery:discover_packages(path) check parameters
[0.483s] Level 1:colcon.colcon_core.package_discovery:discover_packages(colcon_meta) discover
[0.483s] Level 1:colcon.colcon_core.package_discovery:discover_packages(recursive) discover
[0.483s] INFO:colcon.colcon_core.package_discovery:Crawling recursively for packages in '/home/icf3ver/ENAE450/final_project/src/interfacing'
[0.483s] Level 1:colcon.colcon_core.package_identification:_identify(.) by extensions ['ignore', 'ignore_ament_install']
[0.483s] Level 1:colcon.colcon_core.package_identification:_identify(.) by extension 'ignore'
[0.484s] Level 1:colcon.colcon_core.package_identification:_identify(.) by extension 'ignore_ament_install'
[0.484s] Level 1:colcon.colcon_core.package_identification:_identify(.) by extensions ['colcon_pkg']
[0.484s] Level 1:colcon.colcon_core.package_identification:_identify(.) by extension 'colcon_pkg'
[0.484s] Level 1:colcon.colcon_core.package_identification:_identify(.) by extensions ['colcon_meta']
[0.484s] Level 1:colcon.colcon_core.package_identification:_identify(.) by extension 'colcon_meta'
[0.484s] Level 1:colcon.colcon_core.package_identification:_identify(.) by extensions ['ros']
[0.484s] Level 1:colcon.colcon_core.package_identification:_identify(.) by extension 'ros'
[0.502s] DEBUG:colcon.colcon_core.package_identification:Package '.' with type 'ros.ament_python' and name 'interfacing'
[0.502s] Level 1:colcon.colcon_core.package_discovery:discover_packages(recursive) using defaults
[0.502s] Level 1:colcon.colcon_core.package_discovery:discover_packages(ignore) discover
[0.502s] Level 1:colcon.colcon_core.package_discovery:discover_packages(ignore) using defaults
[0.502s] Level 1:colcon.colcon_core.package_discovery:discover_packages(path) discover
[0.502s] Level 1:colcon.colcon_core.package_discovery:discover_packages(path) using defaults
[0.539s] Level 5:colcon.colcon_core.verb:set package 'interfacing' build argument 'cmake_args' from command line to 'None'
[0.539s] Level 5:colcon.colcon_core.verb:set package 'interfacing' build argument 'cmake_target' from command line to 'None'
[0.539s] Level 5:colcon.colcon_core.verb:set package 'interfacing' build argument 'cmake_target_skip_unavailable' from command line to 'False'
[0.539s] Level 5:colcon.colcon_core.verb:set package 'interfacing' build argument 'cmake_clean_cache' from command line to 'False'
[0.539s] Level 5:colcon.colcon_core.verb:set package 'interfacing' build argument 'cmake_clean_first' from command line to 'False'
[0.539s] Level 5:colcon.colcon_core.verb:set package 'interfacing' build argument 'cmake_force_configure' from command line to 'False'
[0.539s] Level 5:colcon.colcon_core.verb:set package 'interfacing' build argument 'ament_cmake_args' from command line to 'None'
[0.539s] Level 5:colcon.colcon_core.verb:set package 'interfacing' build argument 'catkin_cmake_args' from command line to 'None'
[0.539s] Level 5:colcon.colcon_core.verb:set package 'interfacing' build argument 'catkin_skip_building_tests' from command line to 'False'
[0.539s] DEBUG:colcon.colcon_core.verb:Building package 'interfacing' with the following arguments: {'ament_cmake_args': None, 'build_base': '/home/icf3ver/ENAE450/final_project/src/interfacing/build/interfacing', 'catkin_cmake_args': None, 'catkin_skip_building_tests': False, 'cmake_args': None, 'cmake_clean_cache': False, 'cmake_clean_first': False, 'cmake_force_configure': False, 'cmake_target': None, 'cmake_target_skip_unavailable': False, 'install_base': '/home/icf3ver/ENAE450/final_project/src/interfacing/install/interfacing', 'merge_install': False, 'path': '/home/icf3ver/ENAE450/final_project/src/interfacing', 'symlink_install': False, 'test_result_base': None}
[0.539s] INFO:colcon.colcon_core.executor:Executing jobs using 'parallel' executor
[0.541s] DEBUG:colcon.colcon_parallel_executor.executor.parallel:run_until_complete
[0.541s] INFO:colcon.colcon_ros.task.ament_python.build:Building ROS package in '/home/icf3ver/ENAE450/final_project/src/interfacing' with build type 'ament_python'
[0.541s] Level 1:colcon.colcon_core.shell:create_environment_hook('interfacing', 'ament_prefix_path')
[0.548s] INFO:colcon.colcon_core.plugin_system:Skipping extension 'colcon_core.shell.bat': Not used on non-Windows systems
[0.548s] INFO:colcon.colcon_core.shell:Creating environment hook '/home/icf3ver/ENAE450/final_project/src/interfacing/install/interfacing/share/interfacing/hook/ament_prefix_path.ps1'
[0.550s] INFO:colcon.colcon_core.shell:Creating environment descriptor '/home/icf3ver/ENAE450/final_project/src/interfacing/install/interfacing/share/interfacing/hook/ament_prefix_path.dsv'
[0.551s] INFO:colcon.colcon_core.shell:Creating environment hook '/home/icf3ver/ENAE450/final_project/src/interfacing/install/interfacing/share/interfacing/hook/ament_prefix_path.sh'
[0.553s] INFO:colcon.colcon_core.shell:Skip shell extension 'powershell' for command environment: Not usable outside of PowerShell
[0.553s] DEBUG:colcon.colcon_core.shell:Skip shell extension 'dsv' for command environment
[0.785s] INFO:colcon.colcon_core.task.python.build:Building Python package in '/home/icf3ver/ENAE450/final_project/src/interfacing'
[0.786s] INFO:colcon.colcon_core.shell:Skip shell extension 'powershell' for command environment: Not usable outside of PowerShell
[0.786s] DEBUG:colcon.colcon_core.shell:Skip shell extension 'dsv' for command environment
[1.323s] DEBUG:colcon.colcon_core.event_handler.log_command:Invoking command in '/home/icf3ver/ENAE450/final_project/src/interfacing': PYTHONPATH=/home/icf3ver/ENAE450/final_project/src/interfacing/build/interfacing/prefix_override:/usr/lib/python3/dist-packages/colcon_core/task/python/colcon_distutils_commands:/home/icf3ver/ENAE450/final_project/src/interfacing/install/interfacing/lib/python3.10/site-packages: /usr/bin/python3 -W ignore:setup.py install is deprecated -W ignore:easy_install command is deprecated setup.py egg_info --egg-base build/interfacing build --build-base /home/icf3ver/ENAE450/final_project/src/interfacing/build/interfacing/build install --record /home/icf3ver/ENAE450/final_project/src/interfacing/build/interfacing/install.log --single-version-externally-managed install_data
[1.614s] DEBUG:colcon.colcon_core.event_handler.log_command:Invoked command in '/home/icf3ver/ENAE450/final_project/src/interfacing' returned '0': PYTHONPATH=/home/icf3ver/ENAE450/final_project/src/interfacing/build/interfacing/prefix_override:/usr/lib/python3/dist-packages/colcon_core/task/python/colcon_distutils_commands:/home/icf3ver/ENAE450/final_project/src/interfacing/install/interfacing/lib/python3.10/site-packages: /usr/bin/python3 -W ignore:setup.py install is deprecated -W ignore:easy_install command is deprecated setup.py egg_info --egg-base build/interfacing build --build-base /home/icf3ver/ENAE450/final_project/src/interfacing/build/interfacing/build install --record /home/icf3ver/ENAE450/final_project/src/interfacing/build/interfacing/install.log --single-version-externally-managed install_data
[1.621s] Level 1:colcon.colcon_core.environment:checking '/home/icf3ver/ENAE450/final_project/src/interfacing/install/interfacing' for CMake module files
[1.621s] Level 1:colcon.colcon_core.environment:checking '/home/icf3ver/ENAE450/final_project/src/interfacing/install/interfacing' for CMake config files
[1.622s] Level 1:colcon.colcon_core.environment:checking '/home/icf3ver/ENAE450/final_project/src/interfacing/install/interfacing/lib'
[1.623s] Level 1:colcon.colcon_core.environment:checking '/home/icf3ver/ENAE450/final_project/src/interfacing/install/interfacing/bin'
[1.623s] Level 1:colcon.colcon_core.environment:checking '/home/icf3ver/ENAE450/final_project/src/interfacing/install/interfacing/lib/pkgconfig/interfacing.pc'
[1.623s] Level 1:colcon.colcon_core.environment:checking '/home/icf3ver/ENAE450/final_project/src/interfacing/install/interfacing/lib/python3.10/site-packages'
[1.623s] Level 1:colcon.colcon_core.shell:create_environment_hook('interfacing', 'pythonpath')
[1.624s] INFO:colcon.colcon_core.shell:Creating environment hook '/home/icf3ver/ENAE450/final_project/src/interfacing/install/interfacing/share/interfacing/hook/pythonpath.ps1'
[1.625s] INFO:colcon.colcon_core.shell:Creating environment descriptor '/home/icf3ver/ENAE450/final_project/src/interfacing/install/interfacing/share/interfacing/hook/pythonpath.dsv'
[1.625s] INFO:colcon.colcon_core.shell:Creating environment hook '/home/icf3ver/ENAE450/final_project/src/interfacing/install/interfacing/share/interfacing/hook/pythonpath.sh'
[1.626s] Level 1:colcon.colcon_core.environment:checking '/home/icf3ver/ENAE450/final_project/src/interfacing/install/interfacing/bin'
[1.626s] Level 1:colcon.colcon_core.environment:create_environment_scripts_only(interfacing)
[1.627s] INFO:colcon.colcon_core.shell:Creating package script '/home/icf3ver/ENAE450/final_project/src/interfacing/install/interfacing/share/interfacing/package.ps1'
[1.629s] INFO:colcon.colcon_core.shell:Creating package descriptor '/home/icf3ver/ENAE450/final_project/src/interfacing/install/interfacing/share/interfacing/package.dsv'
[1.630s] INFO:colcon.colcon_core.shell:Creating package script '/home/icf3ver/ENAE450/final_project/src/interfacing/install/interfacing/share/interfacing/package.sh'
[1.632s] INFO:colcon.colcon_core.shell:Creating package script '/home/icf3ver/ENAE450/final_project/src/interfacing/install/interfacing/share/interfacing/package.bash'
[1.635s] INFO:colcon.colcon_core.shell:Creating package script '/home/icf3ver/ENAE450/final_project/src/interfacing/install/interfacing/share/interfacing/package.zsh'
[1.637s] Level 1:colcon.colcon_core.environment:create_file_with_runtime_dependencies(/home/icf3ver/ENAE450/final_project/src/interfacing/install/interfacing/share/colcon-core/packages/interfacing)
[1.639s] DEBUG:colcon.colcon_parallel_executor.executor.parallel:closing loop
[1.639s] DEBUG:colcon.colcon_parallel_executor.executor.parallel:loop closed
[1.640s] DEBUG:colcon.colcon_parallel_executor.executor.parallel:run_until_complete finished with '0'
[1.640s] DEBUG:colcon.colcon_core.event_reactor:joining thread
[1.677s] INFO:colcon.colcon_core.plugin_system:Skipping extension 'colcon_notification.desktop_notification.notify_send': Could not find 'notify-send'
[1.678s] INFO:colcon.colcon_core.plugin_system:Skipping extension 'colcon_notification.desktop_notification.terminal_notifier': Not used on non-Darwin systems
[1.678s] INFO:colcon.colcon_core.plugin_system:Skipping extension 'colcon_notification.desktop_notification.win32': Not used on non-Windows systems
[1.678s] INFO:colcon.colcon_notification.desktop_notification:Sending desktop notification using 'notify2'
[1.682s] DEBUG:colcon.colcon_notification.desktop_notification.notify2:Failed to initialize notify2: org.freedesktop.DBus.Error.Spawn.ExecFailed: /usr/bin/dbus-launch terminated abnormally without any error message
[1.683s] DEBUG:colcon.colcon_core.event_reactor:joined thread
[1.684s] INFO:colcon.colcon_core.shell:Creating prefix script '/home/icf3ver/ENAE450/final_project/src/interfacing/install/local_setup.ps1'
[1.687s] INFO:colcon.colcon_core.shell:Creating prefix util module '/home/icf3ver/ENAE450/final_project/src/interfacing/install/_local_setup_util_ps1.py'
[1.690s] INFO:colcon.colcon_core.shell:Creating prefix chain script '/home/icf3ver/ENAE450/final_project/src/interfacing/install/setup.ps1'
[1.692s] INFO:colcon.colcon_core.shell:Creating prefix script '/home/icf3ver/ENAE450/final_project/src/interfacing/install/local_setup.sh'
[1.693s] INFO:colcon.colcon_core.shell:Creating prefix util module '/home/icf3ver/ENAE450/final_project/src/interfacing/install/_local_setup_util_sh.py'
[1.694s] INFO:colcon.colcon_core.shell:Creating prefix chain script '/home/icf3ver/ENAE450/final_project/src/interfacing/install/setup.sh'
[1.696s] INFO:colcon.colcon_core.shell:Creating prefix script '/home/icf3ver/ENAE450/final_project/src/interfacing/install/local_setup.bash'
[1.697s] INFO:colcon.colcon_core.shell:Creating prefix chain script '/home/icf3ver/ENAE450/final_project/src/interfacing/install/setup.bash'
[1.699s] INFO:colcon.colcon_core.shell:Creating prefix script '/home/icf3ver/ENAE450/final_project/src/interfacing/install/local_setup.zsh'
[1.701s] INFO:colcon.colcon_core.shell:Creating prefix chain script '/home/icf3ver/ENAE450/final_project/src/interfacing/install/setup.zsh'
