/home/jaegon/enae450-final-project/src/install/interfacing/lib/python3.10/site-packages/interfacing/__init__.py
/home/jaegon/enae450-final-project/src/install/interfacing/lib/python3.10/site-packages/interfacing/Gazebo_Find_Path.py
/home/jaegon/enae450-final-project/src/install/interfacing/lib/python3.10/site-packages/interfacing/Gazebo_Follow.py
/home/jaegon/enae450-final-project/src/install/interfacing/lib/python3.10/site-packages/interfacing/Gazebo_Inside_Follow.py
/home/jaegon/enae450-final-project/src/install/interfacing/lib/python3.10/site-packages/interfacing/Gazebo_Outside_Follow.py
/home/jaegon/enae450-final-project/src/install/interfacing/lib/python3.10/site-packages/interfacing/navigate_h1.py
/home/jaegon/enae450-final-project/src/install/interfacing/lib/python3.10/site-packages/interfacing/navigate_hbeta.py
/home/jaegon/enae450-final-project/src/install/interfacing/lib/python3.10/site-packages/interfacing/navigate_halpha.py
/home/jaegon/enae450-final-project/src/install/interfacing/lib/python3.10/site-packages/interfacing/Aversion.py
/home/jaegon/enae450-final-project/src/install/interfacing/lib/python3.10/site-packages/interfacing/move_forward.py
/home/jaegon/enae450-final-project/src/install/interfacing/lib/python3.10/site-packages/interfacing/loop_around_wallfollow.py
/home/jaegon/enae450-final-project/src/install/interfacing/lib/python3.10/site-packages/interfacing/__pycache__/__init__.cpython-310.pyc
/home/jaegon/enae450-final-project/src/install/interfacing/lib/python3.10/site-packages/interfacing/__pycache__/Gazebo_Find_Path.cpython-310.pyc
/home/jaegon/enae450-final-project/src/install/interfacing/lib/python3.10/site-packages/interfacing/__pycache__/Gazebo_Follow.cpython-310.pyc
/home/jaegon/enae450-final-project/src/install/interfacing/lib/python3.10/site-packages/interfacing/__pycache__/Gazebo_Inside_Follow.cpython-310.pyc
/home/jaegon/enae450-final-project/src/install/interfacing/lib/python3.10/site-packages/interfacing/__pycache__/Gazebo_Outside_Follow.cpython-310.pyc
/home/jaegon/enae450-final-project/src/install/interfacing/lib/python3.10/site-packages/interfacing/__pycache__/navigate_h1.cpython-310.pyc
/home/jaegon/enae450-final-project/src/install/interfacing/lib/python3.10/site-packages/interfacing/__pycache__/navigate_hbeta.cpython-310.pyc
/home/jaegon/enae450-final-project/src/install/interfacing/lib/python3.10/site-packages/interfacing/__pycache__/navigate_halpha.cpython-310.pyc
/home/jaegon/enae450-final-project/src/install/interfacing/lib/python3.10/site-packages/interfacing/__pycache__/Aversion.cpython-310.pyc
/home/jaegon/enae450-final-project/src/install/interfacing/lib/python3.10/site-packages/interfacing/__pycache__/move_forward.cpython-310.pyc
/home/jaegon/enae450-final-project/src/install/interfacing/lib/python3.10/site-packages/interfacing/__pycache__/loop_around_wallfollow.cpython-310.pyc
/home/jaegon/enae450-final-project/src/install/interfacing/share/ament_index/resource_index/packages/interfacing
/home/jaegon/enae450-final-project/src/install/interfacing/share/interfacing/package.xml
/home/jaegon/enae450-final-project/src/install/interfacing/share/interfacing/launch/outside_launch.py
/home/jaegon/enae450-final-project/src/install/interfacing/share/interfacing/launch/inside_launch.py
/home/jaegon/enae450-final-project/src/install/interfacing/share/interfacing/worlds/tb3_4walls.world
/home/jaegon/enae450-final-project/src/install/interfacing/share/interfacing/models/tb3_4walls/model.config
/home/jaegon/enae450-final-project/src/install/interfacing/share/interfacing/models/tb3_4walls/four_walls.sdf
/home/jaegon/enae450-final-project/src/install/interfacing/lib/python3.10/site-packages/interfacing-0.0.0-py3.10.egg-info/dependency_links.txt
/home/jaegon/enae450-final-project/src/install/interfacing/lib/python3.10/site-packages/interfacing-0.0.0-py3.10.egg-info/PKG-INFO
/home/jaegon/enae450-final-project/src/install/interfacing/lib/python3.10/site-packages/interfacing-0.0.0-py3.10.egg-info/requires.txt
/home/jaegon/enae450-final-project/src/install/interfacing/lib/python3.10/site-packages/interfacing-0.0.0-py3.10.egg-info/SOURCES.txt
/home/jaegon/enae450-final-project/src/install/interfacing/lib/python3.10/site-packages/interfacing-0.0.0-py3.10.egg-info/top_level.txt
/home/jaegon/enae450-final-project/src/install/interfacing/lib/python3.10/site-packages/interfacing-0.0.0-py3.10.egg-info/entry_points.txt
/home/jaegon/enae450-final-project/src/install/interfacing/lib/python3.10/site-packages/interfacing-0.0.0-py3.10.egg-info/zip-safe
/home/jaegon/enae450-final-project/src/install/interfacing/lib/interfacing/Avers
/home/jaegon/enae450-final-project/src/install/interfacing/lib/interfacing/FollowInside
/home/jaegon/enae450-final-project/src/install/interfacing/lib/interfacing/FollowOutside
/home/jaegon/enae450-final-project/src/install/interfacing/lib/interfacing/Gazebo
/home/jaegon/enae450-final-project/src/install/interfacing/lib/interfacing/Gazebo_Chat
/home/jaegon/enae450-final-project/src/install/interfacing/lib/interfacing/h1
/home/jaegon/enae450-final-project/src/install/interfacing/lib/interfacing/halpha
/home/jaegon/enae450-final-project/src/install/interfacing/lib/interfacing/hbeta
/home/jaegon/enae450-final-project/src/install/interfacing/lib/interfacing/move_forward
/home/jaegon/enae450-final-project/src/install/interfacing/lib/interfacing/wallfollow
