[0.365s] DEBUG:colcon:Command line arguments: ['/usr/bin/colcon', 'build']
[0.366s] DEBUG:colcon:Parsed command line arguments: Namespace(log_base=None, log_level=None, verb_name='build', build_base='build', install_base='install', merge_install=False, symlink_install=False, test_result_base=None, continue_on_error=False, executor='parallel', parallel_workers=8, event_handlers=None, ignore_user_meta=False, metas=['./colcon.meta'], base_paths=['.'], packages_ignore=None, packages_ignore_regex=None, paths=None, packages_up_to=None, packages_up_to_regex=None, packages_above=None, packages_above_and_dependencies=None, packages_above_depth=None, packages_select_by_dep=None, packages_skip_by_dep=None, packages_skip_up_to=None, packages_select_build_failed=False, packages_skip_build_finished=False, packages_select_test_failures=False, packages_skip_test_passed=False, packages_select=None, packages_skip=None, packages_select_regex=None, packages_skip_regex=None, packages_start=None, packages_end=None, allow_overriding=[], cmake_args=None, cmake_target=None, cmake_target_skip_unavailable=False, cmake_clean_cache=False, cmake_clean_first=False, cmake_force_configure=False, ament_cmake_args=None, catkin_cmake_args=None, catkin_skip_building_tests=False, mixin_files=None, mixin=None, verb_parser=<colcon_mixin.mixin.mixin_argument.MixinArgumentDecorator object at 0x7d3d27ea0130>, verb_extension=<colcon_core.verb.build.BuildVerb object at 0x7d3d27e18e50>, main=<bound method BuildVerb.main of <colcon_core.verb.build.BuildVerb object at 0x7d3d27e18e50>>, mixin_verb=('build',))
[1.074s] Level 1:colcon.colcon_core.package_discovery:discover_packages(colcon_meta) check parameters
[1.074s] Level 1:colcon.colcon_core.package_discovery:discover_packages(recursive) check parameters
[1.075s] Level 1:colcon.colcon_core.package_discovery:discover_packages(ignore) check parameters
[1.075s] Level 1:colcon.colcon_core.package_discovery:discover_packages(path) check parameters
[1.075s] Level 1:colcon.colcon_core.package_discovery:discover_packages(colcon_meta) discover
[1.075s] Level 1:colcon.colcon_core.package_discovery:discover_packages(recursive) discover
[1.075s] INFO:colcon.colcon_core.package_discovery:Crawling recursively for packages in '/home/jaegon/enae450-final-project/src'
[1.075s] Level 1:colcon.colcon_core.package_identification:_identify(.) by extensions ['ignore', 'ignore_ament_install']
[1.075s] Level 1:colcon.colcon_core.package_identification:_identify(.) by extension 'ignore'
[1.075s] Level 1:colcon.colcon_core.package_identification:_identify(.) by extension 'ignore_ament_install'
[1.075s] Level 1:colcon.colcon_core.package_identification:_identify(.) by extensions ['colcon_pkg']
[1.076s] Level 1:colcon.colcon_core.package_identification:_identify(.) by extension 'colcon_pkg'
[1.076s] Level 1:colcon.colcon_core.package_identification:_identify(.) by extensions ['colcon_meta']
[1.076s] Level 1:colcon.colcon_core.package_identification:_identify(.) by extension 'colcon_meta'
[1.076s] Level 1:colcon.colcon_core.package_identification:_identify(.) by extensions ['ros']
[1.076s] Level 1:colcon.colcon_core.package_identification:_identify(.) by extension 'ros'
[1.119s] Level 1:colcon.colcon_core.package_identification:_identify(.) by extensions ['cmake', 'python']
[1.119s] Level 1:colcon.colcon_core.package_identification:_identify(.) by extension 'cmake'
[1.119s] Level 1:colcon.colcon_core.package_identification:_identify(.) by extension 'python'
[1.119s] Level 1:colcon.colcon_core.package_identification:_identify(.) by extensions ['python_setup_py']
[1.119s] Level 1:colcon.colcon_core.package_identification:_identify(.) by extension 'python_setup_py'
[1.119s] Level 1:colcon.colcon_core.package_identification:_identify(build) by extensions ['ignore', 'ignore_ament_install']
[1.119s] Level 1:colcon.colcon_core.package_identification:_identify(build) by extension 'ignore'
[1.119s] Level 1:colcon.colcon_core.package_identification:_identify(build) ignored
[1.120s] Level 1:colcon.colcon_core.package_identification:_identify(install) by extensions ['ignore', 'ignore_ament_install']
[1.120s] Level 1:colcon.colcon_core.package_identification:_identify(install) by extension 'ignore'
[1.120s] Level 1:colcon.colcon_core.package_identification:_identify(install) ignored
[1.120s] Level 1:colcon.colcon_core.package_identification:_identify(interfacing) by extensions ['ignore', 'ignore_ament_install']
[1.120s] Level 1:colcon.colcon_core.package_identification:_identify(interfacing) by extension 'ignore'
[1.120s] Level 1:colcon.colcon_core.package_identification:_identify(interfacing) by extension 'ignore_ament_install'
[1.120s] Level 1:colcon.colcon_core.package_identification:_identify(interfacing) by extensions ['colcon_pkg']
[1.121s] Level 1:colcon.colcon_core.package_identification:_identify(interfacing) by extension 'colcon_pkg'
[1.121s] Level 1:colcon.colcon_core.package_identification:_identify(interfacing) by extensions ['colcon_meta']
[1.121s] Level 1:colcon.colcon_core.package_identification:_identify(interfacing) by extension 'colcon_meta'
[1.121s] Level 1:colcon.colcon_core.package_identification:_identify(interfacing) by extensions ['ros']
[1.121s] Level 1:colcon.colcon_core.package_identification:_identify(interfacing) by extension 'ros'
[1.128s] DEBUG:colcon.colcon_core.package_identification:Package 'interfacing' with type 'ros.ament_python' and name 'interfacing'
[1.128s] Level 1:colcon.colcon_core.package_identification:_identify(log) by extensions ['ignore', 'ignore_ament_install']
[1.128s] Level 1:colcon.colcon_core.package_identification:_identify(log) by extension 'ignore'
[1.128s] Level 1:colcon.colcon_core.package_identification:_identify(log) ignored
[1.128s] Level 1:colcon.colcon_core.package_discovery:discover_packages(recursive) using defaults
[1.128s] Level 1:colcon.colcon_core.package_discovery:discover_packages(ignore) discover
[1.129s] Level 1:colcon.colcon_core.package_discovery:discover_packages(ignore) using defaults
[1.129s] Level 1:colcon.colcon_core.package_discovery:discover_packages(path) discover
[1.129s] Level 1:colcon.colcon_core.package_discovery:discover_packages(path) using defaults
[1.182s] Level 1:colcon.colcon_core.package_discovery:discover_packages(prefix_path) check parameters
[1.182s] Level 1:colcon.colcon_core.package_discovery:discover_packages(prefix_path) discover
[1.188s] WARNING:colcon.colcon_core.prefix_path.colcon:The path '/home/jaegon/FinalProjectENAE/enae450-final-project/install' in the environment variable COLCON_PREFIX_PATH doesn't exist
[1.189s] WARNING:colcon.colcon_ros.prefix_path.ament:The path '/home/jaegon/FinalProjectENAE/enae450-final-project/install/interfacing' in the environment variable AMENT_PREFIX_PATH doesn't exist
[1.206s] DEBUG:colcon.colcon_installed_package_information.package_discovery:Found 16 installed packages in /home/jaegon/turtlebot3_ws/install
[1.207s] DEBUG:colcon.colcon_installed_package_information.package_discovery:Found 1 installed packages in /home/jaegon/ENAE450_ws/install
[1.208s] DEBUG:colcon.colcon_installed_package_information.package_discovery:Found 1 installed packages in /home/jaegon/ENAE450_ws/src/install
[1.213s] DEBUG:colcon.colcon_installed_package_information.package_discovery:Found 375 installed packages in /opt/ros/humble
[1.221s] Level 1:colcon.colcon_core.package_discovery:discover_packages(prefix_path) using defaults
[1.343s] Level 5:colcon.colcon_core.verb:set package 'interfacing' build argument 'cmake_args' from command line to 'None'
[1.343s] Level 5:colcon.colcon_core.verb:set package 'interfacing' build argument 'cmake_target' from command line to 'None'
[1.343s] Level 5:colcon.colcon_core.verb:set package 'interfacing' build argument 'cmake_target_skip_unavailable' from command line to 'False'
[1.343s] Level 5:colcon.colcon_core.verb:set package 'interfacing' build argument 'cmake_clean_cache' from command line to 'False'
[1.343s] Level 5:colcon.colcon_core.verb:set package 'interfacing' build argument 'cmake_clean_first' from command line to 'False'
[1.343s] Level 5:colcon.colcon_core.verb:set package 'interfacing' build argument 'cmake_force_configure' from command line to 'False'
[1.343s] Level 5:colcon.colcon_core.verb:set package 'interfacing' build argument 'ament_cmake_args' from command line to 'None'
[1.343s] Level 5:colcon.colcon_core.verb:set package 'interfacing' build argument 'catkin_cmake_args' from command line to 'None'
[1.343s] Level 5:colcon.colcon_core.verb:set package 'interfacing' build argument 'catkin_skip_building_tests' from command line to 'False'
[1.343s] DEBUG:colcon.colcon_core.verb:Building package 'interfacing' with the following arguments: {'ament_cmake_args': None, 'build_base': '/home/jaegon/enae450-final-project/src/build/interfacing', 'catkin_cmake_args': None, 'catkin_skip_building_tests': False, 'cmake_args': None, 'cmake_clean_cache': False, 'cmake_clean_first': False, 'cmake_force_configure': False, 'cmake_target': None, 'cmake_target_skip_unavailable': False, 'install_base': '/home/jaegon/enae450-final-project/src/install/interfacing', 'merge_install': False, 'path': '/home/jaegon/enae450-final-project/src/interfacing', 'symlink_install': False, 'test_result_base': None}
[1.343s] INFO:colcon.colcon_core.executor:Executing jobs using 'parallel' executor
[1.348s] DEBUG:colcon.colcon_parallel_executor.executor.parallel:run_until_complete
[1.348s] INFO:colcon.colcon_ros.task.ament_python.build:Building ROS package in '/home/jaegon/enae450-final-project/src/interfacing' with build type 'ament_python'
[1.349s] Level 1:colcon.colcon_core.shell:create_environment_hook('interfacing', 'ament_prefix_path')
[1.366s] INFO:colcon.colcon_core.plugin_system:Skipping extension 'colcon_core.shell.bat': Not used on non-Windows systems
[1.367s] INFO:colcon.colcon_core.shell:Creating environment hook '/home/jaegon/enae450-final-project/src/install/interfacing/share/interfacing/hook/ament_prefix_path.ps1'
[1.369s] INFO:colcon.colcon_core.shell:Creating environment descriptor '/home/jaegon/enae450-final-project/src/install/interfacing/share/interfacing/hook/ament_prefix_path.dsv'
[1.371s] INFO:colcon.colcon_core.shell:Creating environment hook '/home/jaegon/enae450-final-project/src/install/interfacing/share/interfacing/hook/ament_prefix_path.sh'
[1.373s] INFO:colcon.colcon_core.shell:Skip shell extension 'powershell' for command environment: Not usable outside of PowerShell
[1.373s] DEBUG:colcon.colcon_core.shell:Skip shell extension 'dsv' for command environment
[1.907s] INFO:colcon.colcon_core.task.python.build:Building Python package in '/home/jaegon/enae450-final-project/src/interfacing'
[1.908s] INFO:colcon.colcon_core.shell:Skip shell extension 'powershell' for command environment: Not usable outside of PowerShell
[1.908s] DEBUG:colcon.colcon_core.shell:Skip shell extension 'dsv' for command environment
[3.050s] DEBUG:colcon.colcon_core.event_handler.log_command:Invoking command in '/home/jaegon/enae450-final-project/src/interfacing': PYTHONPATH=/home/jaegon/enae450-final-project/src/build/interfacing/prefix_override:/usr/lib/python3/dist-packages/colcon_core/task/python/colcon_distutils_commands:/home/jaegon/enae450-final-project/src/install/interfacing/lib/python3.10/site-packages:${PYTHONPATH} /usr/bin/python3 -W ignore:setup.py install is deprecated -W ignore:easy_install command is deprecated setup.py egg_info --egg-base ../build/interfacing build --build-base /home/jaegon/enae450-final-project/src/build/interfacing/build install --record /home/jaegon/enae450-final-project/src/build/interfacing/install.log --single-version-externally-managed install_data
[3.626s] DEBUG:colcon.colcon_core.event_handler.log_command:Invoked command in '/home/jaegon/enae450-final-project/src/interfacing' returned '0': PYTHONPATH=/home/jaegon/enae450-final-project/src/build/interfacing/prefix_override:/usr/lib/python3/dist-packages/colcon_core/task/python/colcon_distutils_commands:/home/jaegon/enae450-final-project/src/install/interfacing/lib/python3.10/site-packages:${PYTHONPATH} /usr/bin/python3 -W ignore:setup.py install is deprecated -W ignore:easy_install command is deprecated setup.py egg_info --egg-base ../build/interfacing build --build-base /home/jaegon/enae450-final-project/src/build/interfacing/build install --record /home/jaegon/enae450-final-project/src/build/interfacing/install.log --single-version-externally-managed install_data
[3.643s] Level 1:colcon.colcon_core.environment:checking '/home/jaegon/enae450-final-project/src/install/interfacing' for CMake module files
[3.644s] Level 1:colcon.colcon_core.environment:checking '/home/jaegon/enae450-final-project/src/install/interfacing' for CMake config files
[3.646s] Level 1:colcon.colcon_core.environment:checking '/home/jaegon/enae450-final-project/src/install/interfacing/lib'
[3.646s] Level 1:colcon.colcon_core.environment:checking '/home/jaegon/enae450-final-project/src/install/interfacing/bin'
[3.646s] Level 1:colcon.colcon_core.environment:checking '/home/jaegon/enae450-final-project/src/install/interfacing/lib/pkgconfig/interfacing.pc'
[3.646s] Level 1:colcon.colcon_core.environment:checking '/home/jaegon/enae450-final-project/src/install/interfacing/lib/python3.10/site-packages'
[3.647s] Level 1:colcon.colcon_core.shell:create_environment_hook('interfacing', 'pythonpath')
[3.647s] INFO:colcon.colcon_core.shell:Creating environment hook '/home/jaegon/enae450-final-project/src/install/interfacing/share/interfacing/hook/pythonpath.ps1'
[3.648s] INFO:colcon.colcon_core.shell:Creating environment descriptor '/home/jaegon/enae450-final-project/src/install/interfacing/share/interfacing/hook/pythonpath.dsv'
[3.648s] INFO:colcon.colcon_core.shell:Creating environment hook '/home/jaegon/enae450-final-project/src/install/interfacing/share/interfacing/hook/pythonpath.sh'
[3.649s] Level 1:colcon.colcon_core.environment:checking '/home/jaegon/enae450-final-project/src/install/interfacing/bin'
[3.649s] Level 1:colcon.colcon_core.environment:create_environment_scripts_only(interfacing)
[3.650s] INFO:colcon.colcon_core.shell:Creating package script '/home/jaegon/enae450-final-project/src/install/interfacing/share/interfacing/package.ps1'
[3.653s] INFO:colcon.colcon_core.shell:Creating package descriptor '/home/jaegon/enae450-final-project/src/install/interfacing/share/interfacing/package.dsv'
[3.655s] INFO:colcon.colcon_core.shell:Creating package script '/home/jaegon/enae450-final-project/src/install/interfacing/share/interfacing/package.sh'
[3.657s] INFO:colcon.colcon_core.shell:Creating package script '/home/jaegon/enae450-final-project/src/install/interfacing/share/interfacing/package.bash'
[3.659s] INFO:colcon.colcon_core.shell:Creating package script '/home/jaegon/enae450-final-project/src/install/interfacing/share/interfacing/package.zsh'
[3.661s] Level 1:colcon.colcon_core.environment:create_file_with_runtime_dependencies(/home/jaegon/enae450-final-project/src/install/interfacing/share/colcon-core/packages/interfacing)
[3.662s] DEBUG:colcon.colcon_parallel_executor.executor.parallel:closing loop
[3.664s] DEBUG:colcon.colcon_parallel_executor.executor.parallel:loop closed
[3.664s] DEBUG:colcon.colcon_parallel_executor.executor.parallel:run_until_complete finished with '0'
[3.664s] DEBUG:colcon.colcon_core.event_reactor:joining thread
[3.696s] INFO:colcon.colcon_core.plugin_system:Skipping extension 'colcon_notification.desktop_notification.terminal_notifier': Not used on non-Darwin systems
[3.696s] INFO:colcon.colcon_core.plugin_system:Skipping extension 'colcon_notification.desktop_notification.win32': Not used on non-Windows systems
[3.696s] INFO:colcon.colcon_notification.desktop_notification:Sending desktop notification using 'notify2'
[3.761s] DEBUG:colcon.colcon_core.event_reactor:joined thread
[3.762s] INFO:colcon.colcon_core.shell:Creating prefix script '/home/jaegon/enae450-final-project/src/install/local_setup.ps1'
[3.763s] INFO:colcon.colcon_core.shell:Creating prefix util module '/home/jaegon/enae450-final-project/src/install/_local_setup_util_ps1.py'
[3.771s] INFO:colcon.colcon_core.shell:Creating prefix chain script '/home/jaegon/enae450-final-project/src/install/setup.ps1'
[3.777s] INFO:colcon.colcon_core.shell:Creating prefix script '/home/jaegon/enae450-final-project/src/install/local_setup.sh'
[3.780s] INFO:colcon.colcon_core.shell:Creating prefix util module '/home/jaegon/enae450-final-project/src/install/_local_setup_util_sh.py'
[3.782s] INFO:colcon.colcon_core.shell:Creating prefix chain script '/home/jaegon/enae450-final-project/src/install/setup.sh'
[3.789s] INFO:colcon.colcon_core.shell:Creating prefix script '/home/jaegon/enae450-final-project/src/install/local_setup.bash'
[3.791s] INFO:colcon.colcon_core.shell:Creating prefix chain script '/home/jaegon/enae450-final-project/src/install/setup.bash'
[3.797s] INFO:colcon.colcon_core.shell:Creating prefix script '/home/jaegon/enae450-final-project/src/install/local_setup.zsh'
[3.801s] INFO:colcon.colcon_core.shell:Creating prefix chain script '/home/jaegon/enae450-final-project/src/install/setup.zsh'
